<?xml version="1.0" encoding="UTF-8"?>
<testng-results skipped="0" failed="3" total="12" passed="9">
  <reporter-output>
  </reporter-output>
  <suite name="TestSuite" duration-ms="1357620" started-at="2020-05-06T07:35:14Z" finished-at="2020-05-06T07:57:51Z">
    <groups>
    </groups>
    <test name="Smoke" duration-ms="1357620" started-at="2020-05-06T07:35:14Z" finished-at="2020-05-06T07:57:51Z">
      <class name="com.gps.TS_GPS_Smoke">
        <test-method status="PASS" signature="readRunProp(org.testng.ITestContext)" name="readRunProp" is-config="true" duration-ms="4345" started-at="2020-05-06T07:35:09Z" finished-at="2020-05-06T07:35:14Z">
          <params>
            <param index="0">
              <value>
                <![CDATA[org.testng.TestRunner@60723d6a]]>
              </value>
            </param>
          </params>
        </test-method>
        <test-method status="PASS" signature="setUp(java.lang.String, java.lang.String, org.testng.ITestContext)" name="setUp" is-config="true" duration-ms="219" started-at="2020-05-06T07:35:14Z" finished-at="2020-05-06T07:35:14Z">
          <params>
            <param index="0">
              <value>
                <![CDATA[http://www.google.com]]>
              </value>
            </param>
            <param index="1">
              <value is-null="true"/>
            </param>
            <param index="2">
              <value>
                <![CDATA[org.testng.TestRunner@60723d6a]]>
              </value>
            </param>
          </params>
        </test-method>
        <test-method status="PASS" signature="getSelenium()" name="getSelenium" is-config="true" duration-ms="0" started-at="2020-05-06T07:35:14Z" finished-at="2020-05-06T07:35:14Z">
        </test-method>
        <test-method status="PASS" signature="setTestContext(java.lang.String, java.lang.String, java.lang.reflect.Method)" name="setTestContext" is-config="true" duration-ms="13723" started-at="2020-05-06T07:35:14Z" finished-at="2020-05-06T07:35:28Z">
          <params>
            <param index="0">
              <value>
                <![CDATA[url]]>
              </value>
            </param>
            <param index="1">
              <value>
                <![CDATA[browser]]>
              </value>
            </param>
            <param index="2">
              <value>
                <![CDATA[public final void com.gps.TS_GPS_Smoke.tc_GPS_SmokeTest_008(java.lang.String,java.lang.String,java.lang.String,java.lang.String,java.lang.String,java.lang.String,java.lang.String,java.lang.String,java.lang.String,java.lang.String,java.lang.String,java.lang.String,java.lang.String,java.lang.String) throws java.lang.Exception]]>
              </value>
            </param>
          </params>
        </test-method>
        <test-method status="PASS" signature="tc_GPS_SmokeTest_008(java.lang.String, java.lang.String, java.lang.String, java.lang.String, java.lang.String, java.lang.String, java.lang.String, java.lang.String, java.lang.String, java.lang.String, java.lang.String, java.lang.String, java.lang.String, java.lang.String)" name="tc_GPS_SmokeTest_008" duration-ms="102521" started-at="2020-05-06T07:35:28Z" finished-at="2020-05-06T07:37:10Z">
          <params>
            <param index="0">
              <value>
                <![CDATA[Default]]>
              </value>
            </param>
            <param index="1">
              <value>
                <![CDATA[GPS]]>
              </value>
            </param>
            <param index="2">
              <value>
                <![CDATA[excel]]>
              </value>
            </param>
            <param index="3">
              <value>
                <![CDATA[excel]]>
              </value>
            </param>
            <param index="4">
              <value>
                <![CDATA[GPS QA1 AWS]]>
              </value>
            </param>
            <param index="5">
              <value>
                <![CDATA[Deal]]>
              </value>
            </param>
            <param index="6">
              <value>
                <![CDATA[Deal Search]]>
              </value>
            </param>
            <param index="7">
              <value>
                <![CDATA[Deal Type]]>
              </value>
            </param>
            <param index="8">
              <value>
                <![CDATA[Channel Partner Output Deals]]>
              </value>
            </param>
            <param index="9">
              <value>
                <![CDATA[Search]]>
              </value>
            </param>
            <param index="10">
              <value>
                <![CDATA[Company]]>
              </value>
            </param>
            <param index="11">
              <value>
                <![CDATA[The History Channel (Germany) GmbH & Co.KG]]>
              </value>
            </param>
            <param index="12">
              <value>
                <![CDATA[Edit Deal]]>
              </value>
            </param>
            <param index="13">
              <value>
                <![CDATA[null]]>
              </value>
            </param>
          </params>
        </test-method>
        <test-method status="PASS" signature="checkForVerificationError(org.testng.ITestResult)" name="checkForVerificationError" is-config="true" duration-ms="9954" started-at="2020-05-06T07:37:10Z" finished-at="2020-05-06T07:37:20Z">
          <params>
            <param index="0">
              <value>
                <![CDATA[[TestResult: tc_GPS_SmokeTest_008 STATUS:SUCCESS METHOD:com.gps.TS_GPS_Smoke.tc_GPS_SmokeTest_008(java.lang.String, java.lang.String, java.lang.String, java.lang.String, java.lang.String, java.lang.String, java.lang.String, java.lang.String, java.lang.String, java.lang.String, java.lang.String, java.lang.String, java.lang.String, java.lang.String)]
]]>
              </value>
            </param>
          </params>
        </test-method>
        <test-method status="PASS" signature="cleanupSessions()" name="cleanupSessions" is-config="true" duration-ms="234" started-at="2020-05-06T07:37:20Z" finished-at="2020-05-06T07:37:21Z">
        </test-method>
        <test-method status="PASS" signature="setTestContext(java.lang.String, java.lang.String, java.lang.reflect.Method)" name="setTestContext" is-config="true" duration-ms="12477" started-at="2020-05-06T07:37:21Z" finished-at="2020-05-06T07:37:33Z">
          <params>
            <param index="0">
              <value>
                <![CDATA[url]]>
              </value>
            </param>
            <param index="1">
              <value>
                <![CDATA[browser]]>
              </value>
            </param>
            <param index="2">
              <value>
                <![CDATA[public final void com.gps.TS_GPS_Smoke.tc_GPS_SmokeTest_007(java.lang.String,java.lang.String,java.lang.String,java.lang.String,java.lang.String,java.lang.String,java.lang.String,java.lang.String,java.lang.String,java.lang.String,java.lang.String,java.lang.String,java.lang.String,java.lang.String) throws java.lang.Exception]]>
              </value>
            </param>
          </params>
        </test-method>
        <test-method status="PASS" signature="tc_GPS_SmokeTest_007(java.lang.String, java.lang.String, java.lang.String, java.lang.String, java.lang.String, java.lang.String, java.lang.String, java.lang.String, java.lang.String, java.lang.String, java.lang.String, java.lang.String, java.lang.String, java.lang.String)" name="tc_GPS_SmokeTest_007" duration-ms="77754" started-at="2020-05-06T07:37:33Z" finished-at="2020-05-06T07:38:51Z">
          <params>
            <param index="0">
              <value>
                <![CDATA[Default]]>
              </value>
            </param>
            <param index="1">
              <value>
                <![CDATA[GPS]]>
              </value>
            </param>
            <param index="2">
              <value>
                <![CDATA[excel]]>
              </value>
            </param>
            <param index="3">
              <value>
                <![CDATA[excel]]>
              </value>
            </param>
            <param index="4">
              <value>
                <![CDATA[GPS QA1 AWS]]>
              </value>
            </param>
            <param index="5">
              <value>
                <![CDATA[Deal]]>
              </value>
            </param>
            <param index="6">
              <value>
                <![CDATA[Orders]]>
              </value>
            </param>
            <param index="7">
              <value>
                <![CDATA[null]]>
              </value>
            </param>
            <param index="8">
              <value>
                <![CDATA[13680]]>
              </value>
            </param>
            <param index="9">
              <value>
                <![CDATA[null]]>
              </value>
            </param>
            <param index="10">
              <value>
                <![CDATA[Search]]>
              </value>
            </param>
            <param index="11">
              <value>
                <![CDATA[Order ID]]>
              </value>
            </param>
            <param index="12">
              <value>
                <![CDATA[Order Status]]>
              </value>
            </param>
            <param index="13">
              <value>
                <![CDATA[Shipped]]>
              </value>
            </param>
          </params>
        </test-method>
        <test-method status="PASS" signature="checkForVerificationError(org.testng.ITestResult)" name="checkForVerificationError" is-config="true" duration-ms="2218" started-at="2020-05-06T07:38:51Z" finished-at="2020-05-06T07:38:53Z">
          <params>
            <param index="0">
              <value>
                <![CDATA[[TestResult: tc_GPS_SmokeTest_007 STATUS:SUCCESS METHOD:com.gps.TS_GPS_Smoke.tc_GPS_SmokeTest_007(java.lang.String, java.lang.String, java.lang.String, java.lang.String, java.lang.String, java.lang.String, java.lang.String, java.lang.String, java.lang.String, java.lang.String, java.lang.String, java.lang.String, java.lang.String, java.lang.String)]
]]>
              </value>
            </param>
          </params>
        </test-method>
        <test-method status="PASS" signature="cleanupSessions()" name="cleanupSessions" is-config="true" duration-ms="47" started-at="2020-05-06T07:38:53Z" finished-at="2020-05-06T07:38:53Z">
        </test-method>
        <test-method status="PASS" signature="setTestContext(java.lang.String, java.lang.String, java.lang.reflect.Method)" name="setTestContext" is-config="true" duration-ms="11015" started-at="2020-05-06T07:38:53Z" finished-at="2020-05-06T07:39:04Z">
          <params>
            <param index="0">
              <value>
                <![CDATA[url]]>
              </value>
            </param>
            <param index="1">
              <value>
                <![CDATA[browser]]>
              </value>
            </param>
            <param index="2">
              <value>
                <![CDATA[public final void com.gps.TS_GPS_Smoke.tc_GPS_SmokeTest_001(java.lang.String,java.lang.String,java.lang.String,java.lang.String,java.lang.String) throws java.lang.Exception]]>
              </value>
            </param>
          </params>
        </test-method>
        <test-method status="PASS" signature="tc_GPS_SmokeTest_001(java.lang.String, java.lang.String, java.lang.String, java.lang.String, java.lang.String)" name="tc_GPS_SmokeTest_001" duration-ms="69866" started-at="2020-05-06T07:39:04Z" finished-at="2020-05-06T07:40:14Z">
          <params>
            <param index="0">
              <value>
                <![CDATA[Default]]>
              </value>
            </param>
            <param index="1">
              <value>
                <![CDATA[GPS]]>
              </value>
            </param>
            <param index="2">
              <value>
                <![CDATA[excel]]>
              </value>
            </param>
            <param index="3">
              <value>
                <![CDATA[excel]]>
              </value>
            </param>
            <param index="4">
              <value>
                <![CDATA[GPS QA1 AWS]]>
              </value>
            </param>
          </params>
        </test-method>
        <test-method status="PASS" signature="checkForVerificationError(org.testng.ITestResult)" name="checkForVerificationError" is-config="true" duration-ms="2543" started-at="2020-05-06T07:40:14Z" finished-at="2020-05-06T07:40:17Z">
          <params>
            <param index="0">
              <value>
                <![CDATA[[TestResult: tc_GPS_SmokeTest_001 STATUS:SUCCESS METHOD:com.gps.TS_GPS_Smoke.tc_GPS_SmokeTest_001(java.lang.String, java.lang.String, java.lang.String, java.lang.String, java.lang.String)]
]]>
              </value>
            </param>
          </params>
        </test-method>
        <test-method status="PASS" signature="cleanupSessions()" name="cleanupSessions" is-config="true" duration-ms="32" started-at="2020-05-06T07:40:17Z" finished-at="2020-05-06T07:40:17Z">
        </test-method>
        <test-method status="PASS" signature="setTestContext(java.lang.String, java.lang.String, java.lang.reflect.Method)" name="setTestContext" is-config="true" duration-ms="10678" started-at="2020-05-06T07:40:17Z" finished-at="2020-05-06T07:40:27Z">
          <params>
            <param index="0">
              <value>
                <![CDATA[url]]>
              </value>
            </param>
            <param index="1">
              <value>
                <![CDATA[browser]]>
              </value>
            </param>
            <param index="2">
              <value>
                <![CDATA[public final void com.gps.TS_GPS_Smoke.tc_GPS_SmokeTest_006(java.lang.String,java.lang.String,java.lang.String,java.lang.String,java.lang.String,java.lang.String,java.lang.String,java.lang.String,java.lang.String,java.lang.String,java.lang.String,java.lang.String,java.lang.String,java.lang.String,java.lang.String) throws java.lang.Exception]]>
              </value>
            </param>
          </params>
        </test-method>
        <test-method status="PASS" signature="tc_GPS_SmokeTest_006(java.lang.String, java.lang.String, java.lang.String, java.lang.String, java.lang.String, java.lang.String, java.lang.String, java.lang.String, java.lang.String, java.lang.String, java.lang.String, java.lang.String, java.lang.String, java.lang.String, java.lang.String)" name="tc_GPS_SmokeTest_006" duration-ms="83164" started-at="2020-05-06T07:40:27Z" finished-at="2020-05-06T07:41:50Z">
          <params>
            <param index="0">
              <value>
                <![CDATA[Default]]>
              </value>
            </param>
            <param index="1">
              <value>
                <![CDATA[GPS]]>
              </value>
            </param>
            <param index="2">
              <value>
                <![CDATA[excel]]>
              </value>
            </param>
            <param index="3">
              <value>
                <![CDATA[excel]]>
              </value>
            </param>
            <param index="4">
              <value>
                <![CDATA[GPS QA1 AWS]]>
              </value>
            </param>
            <param index="5">
              <value>
                <![CDATA[Deal]]>
              </value>
            </param>
            <param index="6">
              <value>
                <![CDATA[null]]>
              </value>
            </param>
            <param index="7">
              <value>
                <![CDATA[Order Details]]>
              </value>
            </param>
            <param index="8">
              <value>
                <![CDATA[Search Order Details]]>
              </value>
            </param>
            <param index="9">
              <value>
                <![CDATA[Order ID]]>
              </value>
            </param>
            <param index="10">
              <value>
                <![CDATA[12345]]>
              </value>
            </param>
            <param index="11">
              <value>
                <![CDATA[Order ID]]>
              </value>
            </param>
            <param index="12">
              <value>
                <![CDATA[12345]]>
              </value>
            </param>
            <param index="13">
              <value>
                <![CDATA[Order Status]]>
              </value>
            </param>
            <param index="14">
              <value>
                <![CDATA[Shipped]]>
              </value>
            </param>
          </params>
        </test-method>
        <test-method status="PASS" signature="checkForVerificationError(org.testng.ITestResult)" name="checkForVerificationError" is-config="true" duration-ms="3548" started-at="2020-05-06T07:41:50Z" finished-at="2020-05-06T07:41:54Z">
          <params>
            <param index="0">
              <value>
                <![CDATA[[TestResult: tc_GPS_SmokeTest_006 STATUS:SUCCESS METHOD:com.gps.TS_GPS_Smoke.tc_GPS_SmokeTest_006(java.lang.String, java.lang.String, java.lang.String, java.lang.String, java.lang.String, java.lang.String, java.lang.String, java.lang.String, java.lang.String, java.lang.String, java.lang.String, java.lang.String, java.lang.String, java.lang.String, java.lang.String)]
]]>
              </value>
            </param>
          </params>
        </test-method>
        <test-method status="PASS" signature="cleanupSessions()" name="cleanupSessions" is-config="true" duration-ms="141" started-at="2020-05-06T07:41:54Z" finished-at="2020-05-06T07:41:54Z">
        </test-method>
        <test-method status="PASS" signature="setTestContext(java.lang.String, java.lang.String, java.lang.reflect.Method)" name="setTestContext" is-config="true" duration-ms="10215" started-at="2020-05-06T07:41:54Z" finished-at="2020-05-06T07:42:04Z">
          <params>
            <param index="0">
              <value>
                <![CDATA[url]]>
              </value>
            </param>
            <param index="1">
              <value>
                <![CDATA[browser]]>
              </value>
            </param>
            <param index="2">
              <value>
                <![CDATA[public final void com.gps.TS_GPS_Smoke.tc_GPS_SmokeTest_005(java.lang.String,java.lang.String,java.lang.String,java.lang.String,java.lang.String,java.lang.String,java.lang.String,java.lang.String,java.lang.String,java.lang.String,java.lang.String,java.lang.String,java.lang.String,java.lang.String,java.lang.String,java.lang.String,java.lang.String,java.lang.String,java.lang.String,java.lang.String,java.lang.String,java.lang.String,java.lang.String,java.lang.String,java.lang.String,java.lang.String,java.lang.String,java.lang.String,java.lang.String,java.lang.String,java.lang.String,java.lang.String,java.lang.String,java.lang.String,java.lang.String) throws java.lang.Exception]]>
              </value>
            </param>
          </params>
        </test-method>
        <test-method status="PASS" signature="tc_GPS_SmokeTest_005(java.lang.String, java.lang.String, java.lang.String, java.lang.String, java.lang.String, java.lang.String, java.lang.String, java.lang.String, java.lang.String, java.lang.String, java.lang.String, java.lang.String, java.lang.String, java.lang.String, java.lang.String, java.lang.String, java.lang.String, java.lang.String, java.lang.String, java.lang.String, java.lang.String, java.lang.String, java.lang.String, java.lang.String, java.lang.String, java.lang.String, java.lang.String, java.lang.String, java.lang.String, java.lang.String, java.lang.String, java.lang.String, java.lang.String, java.lang.String, java.lang.String)" name="tc_GPS_SmokeTest_005" duration-ms="80454" started-at="2020-05-06T07:42:04Z" finished-at="2020-05-06T07:43:25Z">
          <params>
            <param index="0">
              <value>
                <![CDATA[Default]]>
              </value>
            </param>
            <param index="1">
              <value>
                <![CDATA[GPS]]>
              </value>
            </param>
            <param index="2">
              <value>
                <![CDATA[excel]]>
              </value>
            </param>
            <param index="3">
              <value>
                <![CDATA[excel]]>
              </value>
            </param>
            <param index="4">
              <value>
                <![CDATA[GPS QA1 AWS]]>
              </value>
            </param>
            <param index="5">
              <value>
                <![CDATA[Deal]]>
              </value>
            </param>
            <param index="6">
              <value>
                <![CDATA[null]]>
              </value>
            </param>
            <param index="7">
              <value>
                <![CDATA[New Deal]]>
              </value>
            </param>
            <param index="8">
              <value>
                <![CDATA[New Deal]]>
              </value>
            </param>
            <param index="9">
              <value>
                <![CDATA[Deal Type]]>
              </value>
            </param>
            <param index="10">
              <value>
                <![CDATA[Channel Partner Output Deals]]>
              </value>
            </param>
            <param index="11">
              <value>
                <![CDATA[Company Name]]>
              </value>
            </param>
            <param index="12">
              <value>
                <![CDATA[1163031 Ontario, Inc.]]>
              </value>
            </param>
            <param index="13">
              <value>
                <![CDATA[Deal Name]]>
              </value>
            </param>
            <param index="14">
              <value>
                <![CDATA[Demo]]>
              </value>
            </param>
            <param index="15">
              <value>
                <![CDATA[Channel]]>
              </value>
            </param>
            <param index="16">
              <value>
                <![CDATA[Canada: Outdoor Life Network]]>
              </value>
            </param>
            <param index="17">
              <value>
                <![CDATA[Deal's Language]]>
              </value>
            </param>
            <param index="18">
              <value>
                <![CDATA[All]]>
              </value>
            </param>
            <param index="19">
              <value>
                <![CDATA[Delivery Format]]>
              </value>
            </param>
            <param index="20">
              <value>
                <![CDATA[.MOV]]>
              </value>
            </param>
            <param index="21">
              <value>
                <![CDATA[Primary Territory]]>
              </value>
            </param>
            <param index="22">
              <value>
                <![CDATA[Abkhazia]]>
              </value>
            </param>
            <param index="23">
              <value>
                <![CDATA[License Period (Years)]]>
              </value>
            </param>
            <param index="24">
              <value>
                <![CDATA[2]]>
              </value>
            </param>
            <param index="25">
              <value>
                <![CDATA[Selection Period (Days)]]>
              </value>
            </param>
            <param index="26">
              <value>
                <![CDATA[2]]>
              </value>
            </param>
            <param index="27">
              <value>
                <![CDATA[null]]>
              </value>
            </param>
            <param index="28">
              <value>
                <![CDATA[null]]>
              </value>
            </param>
            <param index="29">
              <value>
                <![CDATA[null]]>
              </value>
            </param>
            <param index="30">
              <value>
                <![CDATA[null]]>
              </value>
            </param>
            <param index="31">
              <value>
                <![CDATA[null]]>
              </value>
            </param>
            <param index="32">
              <value>
                <![CDATA[null]]>
              </value>
            </param>
            <param index="33">
              <value>
                <![CDATA[Save Deal]]>
              </value>
            </param>
            <param index="34">
              <value>
                <![CDATA[Deal Saved.]]>
              </value>
            </param>
          </params>
        </test-method>
        <test-method status="PASS" signature="checkForVerificationError(org.testng.ITestResult)" name="checkForVerificationError" is-config="true" duration-ms="1845" started-at="2020-05-06T07:43:25Z" finished-at="2020-05-06T07:43:27Z">
          <params>
            <param index="0">
              <value>
                <![CDATA[[TestResult: tc_GPS_SmokeTest_005 STATUS:SUCCESS METHOD:com.gps.TS_GPS_Smoke.tc_GPS_SmokeTest_005(java.lang.String, java.lang.String, java.lang.String, java.lang.String, java.lang.String, java.lang.String, java.lang.String, java.lang.String, java.lang.String, java.lang.String, java.lang.String, java.lang.String, java.lang.String, java.lang.String, java.lang.String, java.lang.String, java.lang.String, java.lang.String, java.lang.String, java.lang.String, java.lang.String, java.lang.String, java.lang.String, java.lang.String, java.lang.String, java.lang.String, java.lang.String, java.lang.String, java.lang.String, java.lang.String, java.lang.String, java.lang.String, java.lang.String, java.lang.String, java.lang.String)]
]]>
              </value>
            </param>
          </params>
        </test-method>
        <test-method status="PASS" signature="cleanupSessions()" name="cleanupSessions" is-config="true" duration-ms="46" started-at="2020-05-06T07:43:27Z" finished-at="2020-05-06T07:43:27Z">
        </test-method>
        <test-method status="PASS" signature="setTestContext(java.lang.String, java.lang.String, java.lang.reflect.Method)" name="setTestContext" is-config="true" duration-ms="9558" started-at="2020-05-06T07:43:27Z" finished-at="2020-05-06T07:43:36Z">
          <params>
            <param index="0">
              <value>
                <![CDATA[url]]>
              </value>
            </param>
            <param index="1">
              <value>
                <![CDATA[browser]]>
              </value>
            </param>
            <param index="2">
              <value>
                <![CDATA[public final void com.gps.TS_GPS_Smoke.tc_GPS_SmokeTest_002(java.lang.String,java.lang.String,java.lang.String,java.lang.String,java.lang.String,java.lang.String,java.lang.String) throws java.lang.Exception]]>
              </value>
            </param>
          </params>
        </test-method>
        <test-method status="PASS" signature="tc_GPS_SmokeTest_002(java.lang.String, java.lang.String, java.lang.String, java.lang.String, java.lang.String, java.lang.String, java.lang.String)" name="tc_GPS_SmokeTest_002" duration-ms="125634" started-at="2020-05-06T07:43:36Z" finished-at="2020-05-06T07:45:42Z">
          <params>
            <param index="0">
              <value>
                <![CDATA[Default]]>
              </value>
            </param>
            <param index="1">
              <value>
                <![CDATA[GPS]]>
              </value>
            </param>
            <param index="2">
              <value>
                <![CDATA[excel]]>
              </value>
            </param>
            <param index="3">
              <value>
                <![CDATA[excel]]>
              </value>
            </param>
            <param index="4">
              <value>
                <![CDATA[GPS QA1 AWS]]>
              </value>
            </param>
            <param index="5">
              <value>
                <![CDATA[null]]>
              </value>
            </param>
            <param index="6">
              <value>
                <![CDATA[null]]>
              </value>
            </param>
          </params>
        </test-method>
        <test-method status="PASS" signature="checkForVerificationError(org.testng.ITestResult)" name="checkForVerificationError" is-config="true" duration-ms="1766" started-at="2020-05-06T07:45:42Z" finished-at="2020-05-06T07:45:44Z">
          <params>
            <param index="0">
              <value>
                <![CDATA[[TestResult: tc_GPS_SmokeTest_002 STATUS:SUCCESS METHOD:com.gps.TS_GPS_Smoke.tc_GPS_SmokeTest_002(java.lang.String, java.lang.String, java.lang.String, java.lang.String, java.lang.String, java.lang.String, java.lang.String)]
]]>
              </value>
            </param>
          </params>
        </test-method>
        <test-method status="PASS" signature="cleanupSessions()" name="cleanupSessions" is-config="true" duration-ms="15" started-at="2020-05-06T07:45:44Z" finished-at="2020-05-06T07:45:44Z">
        </test-method>
        <test-method status="PASS" signature="setTestContext(java.lang.String, java.lang.String, java.lang.reflect.Method)" name="setTestContext" is-config="true" duration-ms="9822" started-at="2020-05-06T07:45:44Z" finished-at="2020-05-06T07:45:54Z">
          <params>
            <param index="0">
              <value>
                <![CDATA[url]]>
              </value>
            </param>
            <param index="1">
              <value>
                <![CDATA[browser]]>
              </value>
            </param>
            <param index="2">
              <value>
                <![CDATA[public final void com.gps.TS_GPS_Smoke.tc_GPS_SmokeTest_003(java.lang.String,java.lang.String,java.lang.String,java.lang.String,java.lang.String,java.lang.String,java.lang.String) throws java.lang.Exception]]>
              </value>
            </param>
          </params>
        </test-method>
        <test-method status="FAIL" signature="tc_GPS_SmokeTest_003(java.lang.String, java.lang.String, java.lang.String, java.lang.String, java.lang.String, java.lang.String, java.lang.String)" name="tc_GPS_SmokeTest_003" duration-ms="87054" started-at="2020-05-06T07:45:54Z" finished-at="2020-05-06T07:47:21Z">
          <params>
            <param index="0">
              <value>
                <![CDATA[Default]]>
              </value>
            </param>
            <param index="1">
              <value>
                <![CDATA[GPS]]>
              </value>
            </param>
            <param index="2">
              <value>
                <![CDATA[excel]]>
              </value>
            </param>
            <param index="3">
              <value>
                <![CDATA[excel]]>
              </value>
            </param>
            <param index="4">
              <value>
                <![CDATA[GPS QA1 AWS]]>
              </value>
            </param>
            <param index="5">
              <value>
                <![CDATA[Pawn Stars]]>
              </value>
            </param>
            <param index="6">
              <value>
                <![CDATA[Biography]]>
              </value>
            </param>
          </params>
          <exception class="java.lang.AssertionError">
            <message>
              <![CDATA[Failed CLICK command  :Element [PG_GlobalSearchResultPage.btn_FilterSelecting] with Locator : //label[@for='Biography']
Verification failures : 
 [At : com.gps.LIB_Dashboard.bc_GlobalSearchforfiltering(Line:77)]
]]>
            </message>
            <full-stacktrace>
              <![CDATA[java.lang.AssertionError: Failed CLICK command  :Element [PG_GlobalSearchResultPage.btn_FilterSelecting] with Locator : //label[@for='Biography']
Verification failures : 
 [At : com.gps.LIB_Dashboard.bc_GlobalSearchforfiltering(Line:77)]

	at com.thoughtworks.selenium.SeleneseTestBaseVir.failure(SeleneseTestBaseVir.java:654)
	at com.thoughtworks.selenium.SeleneseTestBaseVir.assertTrue(SeleneseTestBaseVir.java:668)
	at com.virtusa.isq.vtaf.runtime.SeleniumTestBase.checkTrue(SeleniumTestBase.java:6269)
	at com.virtusa.isq.vtaf.runtime.SeleniumTestBase.doClick(SeleniumTestBase.java:1777)
	at com.virtusa.isq.vtaf.runtime.SeleniumTestBase.click(SeleniumTestBase.java:1674)
	at com.gps.LIB_Dashboard.bc_GlobalSearchforfiltering(LIB_Dashboard.java:77)
	at com.gps.TS_GPS_Smoke.tc_GPS_SmokeTest_003(TS_GPS_Smoke.java:578)
	at sun.reflect.NativeMethodAccessorImpl.invoke0(Native Method)
	at sun.reflect.NativeMethodAccessorImpl.invoke(NativeMethodAccessorImpl.java:62)
	at sun.reflect.DelegatingMethodAccessorImpl.invoke(DelegatingMethodAccessorImpl.java:43)
	at java.lang.reflect.Method.invoke(Method.java:498)
	at org.testng.internal.MethodInvocationHelper.invokeMethod(MethodInvocationHelper.java:80)
	at org.testng.internal.Invoker.invokeMethod(Invoker.java:673)
	at org.testng.internal.Invoker.invokeTestMethod(Invoker.java:842)
	at org.testng.internal.Invoker.invokeTestMethods(Invoker.java:1166)
	at org.testng.internal.TestMethodWorker.invokeTestMethods(TestMethodWorker.java:125)
	at org.testng.internal.TestMethodWorker.run(TestMethodWorker.java:109)
	at org.testng.TestRunner.runWorkers(TestRunner.java:1178)
	at org.testng.TestRunner.privateRun(TestRunner.java:757)
	at org.testng.TestRunner.run(TestRunner.java:608)
	at org.testng.SuiteRunner.runTest(SuiteRunner.java:334)
	at org.testng.SuiteRunner.runSequentially(SuiteRunner.java:329)
	at org.testng.SuiteRunner.privateRun(SuiteRunner.java:291)
	at org.testng.SuiteRunner.run(SuiteRunner.java:240)
	at org.testng.SuiteRunnerWorker.runSuite(SuiteRunnerWorker.java:52)
	at org.testng.SuiteRunnerWorker.run(SuiteRunnerWorker.java:86)
	at org.testng.TestNG.runSuitesSequentially(TestNG.java:1158)
	at org.testng.TestNG.runSuitesLocally(TestNG.java:1083)
	at org.testng.TestNG.run(TestNG.java:999)
	at org.testng.TestNG.privateMain(TestNG.java:1301)
	at org.testng.TestNG.main(TestNG.java:1265)
]]>
            </full-stacktrace>
          </exception>
        </test-method>
        <test-method status="PASS" signature="checkForVerificationError(org.testng.ITestResult)" name="checkForVerificationError" is-config="true" duration-ms="1985" started-at="2020-05-06T07:47:21Z" finished-at="2020-05-06T07:47:23Z">
          <params>
            <param index="0">
              <value>
                <![CDATA[[TestResult: tc_GPS_SmokeTest_003 STATUS:FAILURE METHOD:com.gps.TS_GPS_Smoke.tc_GPS_SmokeTest_003(java.lang.String, java.lang.String, java.lang.String, java.lang.String, java.lang.String, java.lang.String, java.lang.String)]
]]>
              </value>
            </param>
          </params>
        </test-method>
        <test-method status="PASS" signature="cleanupSessions()" name="cleanupSessions" is-config="true" duration-ms="78" started-at="2020-05-06T07:47:23Z" finished-at="2020-05-06T07:47:23Z">
        </test-method>
        <test-method status="PASS" signature="setTestContext(java.lang.String, java.lang.String, java.lang.reflect.Method)" name="setTestContext" is-config="true" duration-ms="10169" started-at="2020-05-06T07:47:23Z" finished-at="2020-05-06T07:47:33Z">
          <params>
            <param index="0">
              <value>
                <![CDATA[url]]>
              </value>
            </param>
            <param index="1">
              <value>
                <![CDATA[browser]]>
              </value>
            </param>
            <param index="2">
              <value>
                <![CDATA[public final void com.gps.TS_GPS_Smoke.tc_GPS_SmokeTest_009(java.lang.String,java.lang.String,java.lang.String,java.lang.String,java.lang.String,java.lang.String,java.lang.String,java.lang.String,java.lang.String,java.lang.String,java.lang.String,java.lang.String,java.lang.String,java.lang.String,java.lang.String,java.lang.String,java.lang.String,java.lang.String,java.lang.String,java.lang.String,java.lang.String,java.lang.String,java.lang.String,java.lang.String,java.lang.String,java.lang.String,java.lang.String,java.lang.String,java.lang.String,java.lang.String,java.lang.String,java.lang.String,java.lang.String,java.lang.String,java.lang.String,java.lang.String,java.lang.String,java.lang.String) throws java.lang.Exception]]>
              </value>
            </param>
          </params>
        </test-method>
        <test-method status="FAIL" signature="tc_GPS_SmokeTest_009(java.lang.String, java.lang.String, java.lang.String, java.lang.String, java.lang.String, java.lang.String, java.lang.String, java.lang.String, java.lang.String, java.lang.String, java.lang.String, java.lang.String, java.lang.String, java.lang.String, java.lang.String, java.lang.String, java.lang.String, java.lang.String, java.lang.String, java.lang.String, java.lang.String, java.lang.String, java.lang.String, java.lang.String, java.lang.String, java.lang.String, java.lang.String, java.lang.String, java.lang.String, java.lang.String, java.lang.String, java.lang.String, java.lang.String, java.lang.String, java.lang.String, java.lang.String, java.lang.String, java.lang.String)" name="tc_GPS_SmokeTest_009" duration-ms="127087" started-at="2020-05-06T07:47:33Z" finished-at="2020-05-06T07:49:40Z">
          <params>
            <param index="0">
              <value>
                <![CDATA[Default]]>
              </value>
            </param>
            <param index="1">
              <value>
                <![CDATA[GPS]]>
              </value>
            </param>
            <param index="2">
              <value>
                <![CDATA[excel]]>
              </value>
            </param>
            <param index="3">
              <value>
                <![CDATA[excel]]>
              </value>
            </param>
            <param index="4">
              <value>
                <![CDATA[GPS QA1 AWS]]>
              </value>
            </param>
            <param index="5">
              <value>
                <![CDATA[Deal]]>
              </value>
            </param>
            <param index="6">
              <value>
                <![CDATA[null]]>
              </value>
            </param>
            <param index="7">
              <value>
                <![CDATA[Deal Offer]]>
              </value>
            </param>
            <param index="8">
              <value>
                <![CDATA[153800]]>
              </value>
            </param>
            <param index="9">
              <value>
                <![CDATA[Exclusivity]]>
              </value>
            </param>
            <param index="10">
              <value>
                <![CDATA[First Run]]>
              </value>
            </param>
            <param index="11">
              <value>
                <![CDATA[Language]]>
              </value>
            </param>
            <param index="12">
              <value>
                <![CDATA[Linear]]>
              </value>
            </param>
            <param index="13">
              <value>
                <![CDATA[Syndication]]>
              </value>
            </param>
            <param index="14">
              <value>
                <![CDATA[New Media]]>
              </value>
            </param>
            <param index="15">
              <value>
                <![CDATA[Re-Transmission]]>
              </value>
            </param>
            <param index="16">
              <value>
                <![CDATA[Format Rights]]>
              </value>
            </param>
            <param index="17">
              <value>
                <![CDATA[null]]>
              </value>
            </param>
            <param index="18">
              <value>
                <![CDATA[2015]]>
              </value>
            </param>
            <param index="19">
              <value>
                <![CDATA[Dec]]>
              </value>
            </param>
            <param index="20">
              <value>
                <![CDATA[1]]>
              </value>
            </param>
            <param index="21">
              <value>
                <![CDATA[Deal Offer]]>
              </value>
            </param>
            <param index="22">
              <value>
                <![CDATA[Middle East]]>
              </value>
            </param>
            <param index="23">
              <value>
                <![CDATA[startDateId]]>
              </value>
            </param>
            <param index="24">
              <value>
                <![CDATA[endDateId]]>
              </value>
            </param>
            <param index="25">
              <value>
                <![CDATA[16]]>
              </value>
            </param>
            <param index="26">
              <value>
                <![CDATA[12]]>
              </value>
            </param>
            <param index="27">
              <value>
                <![CDATA[2017]]>
              </value>
            </param>
            <param index="28">
              <value>
                <![CDATA[Search]]>
              </value>
            </param>
            <param index="29">
              <value>
                <![CDATA[Season: 1]]>
              </value>
            </param>
            <param index="30">
              <value>
                <![CDATA[Program Name]]>
              </value>
            </param>
            <param index="31">
              <value>
                <![CDATA[Secret Life Of Marilyn Monroe, The - Part 1 of 2]]>
              </value>
            </param>
            <param index="32">
              <value>
                <![CDATA[null]]>
              </value>
            </param>
            <param index="33">
              <value>
                <![CDATA[Non-Exclusive]]>
              </value>
            </param>
            <param index="34">
              <value>
                <![CDATA[No]]>
              </value>
            </param>
            <param index="35">
              <value>
                <![CDATA[Int]]>
              </value>
            </param>
            <param index="36">
              <value>
                <![CDATA[Eastern Hemisphere]]>
              </value>
            </param>
            <param index="37">
              <value>
                <![CDATA[Middle East]]>
              </value>
            </param>
          </params>
          <exception class="java.lang.AssertionError">
            <message>
              <![CDATA[Failed CLICK command  :Element [PG_DealOffer.ele_Year] with Locator : //a[@class='k-link' and contains(text(),'2015')]
Verification failures : 
 [At : com.gps.LIB_Common.bc_SelectDatePicker(Line:711)]
]]>
            </message>
            <full-stacktrace>
              <![CDATA[java.lang.AssertionError: Failed CLICK command  :Element [PG_DealOffer.ele_Year] with Locator : //a[@class='k-link' and contains(text(),'2015')]
Verification failures : 
 [At : com.gps.LIB_Common.bc_SelectDatePicker(Line:711)]

	at com.thoughtworks.selenium.SeleneseTestBaseVir.failure(SeleneseTestBaseVir.java:654)
	at com.thoughtworks.selenium.SeleneseTestBaseVir.assertTrue(SeleneseTestBaseVir.java:668)
	at com.virtusa.isq.vtaf.runtime.SeleniumTestBase.checkTrue(SeleniumTestBase.java:6269)
	at com.virtusa.isq.vtaf.runtime.SeleniumTestBase.doForceClick(SeleniumTestBase.java:1892)
	at com.virtusa.isq.vtaf.runtime.SeleniumTestBase.forceClick(SeleniumTestBase.java:1798)
	at com.gps.LIB_Common.bc_SelectDatePicker(LIB_Common.java:711)
	at com.gps.LIB_Deal.bc_DealOffer_FillSearchRights(LIB_Deal.java:184)
	at com.gps.TS_GPS_Smoke.tc_GPS_SmokeTest_009(TS_GPS_Smoke.java:665)
	at sun.reflect.NativeMethodAccessorImpl.invoke0(Native Method)
	at sun.reflect.NativeMethodAccessorImpl.invoke(NativeMethodAccessorImpl.java:62)
	at sun.reflect.DelegatingMethodAccessorImpl.invoke(DelegatingMethodAccessorImpl.java:43)
	at java.lang.reflect.Method.invoke(Method.java:498)
	at org.testng.internal.MethodInvocationHelper.invokeMethod(MethodInvocationHelper.java:80)
	at org.testng.internal.Invoker.invokeMethod(Invoker.java:673)
	at org.testng.internal.Invoker.invokeTestMethod(Invoker.java:842)
	at org.testng.internal.Invoker.invokeTestMethods(Invoker.java:1166)
	at org.testng.internal.TestMethodWorker.invokeTestMethods(TestMethodWorker.java:125)
	at org.testng.internal.TestMethodWorker.run(TestMethodWorker.java:109)
	at org.testng.TestRunner.runWorkers(TestRunner.java:1178)
	at org.testng.TestRunner.privateRun(TestRunner.java:757)
	at org.testng.TestRunner.run(TestRunner.java:608)
	at org.testng.SuiteRunner.runTest(SuiteRunner.java:334)
	at org.testng.SuiteRunner.runSequentially(SuiteRunner.java:329)
	at org.testng.SuiteRunner.privateRun(SuiteRunner.java:291)
	at org.testng.SuiteRunner.run(SuiteRunner.java:240)
	at org.testng.SuiteRunnerWorker.runSuite(SuiteRunnerWorker.java:52)
	at org.testng.SuiteRunnerWorker.run(SuiteRunnerWorker.java:86)
	at org.testng.TestNG.runSuitesSequentially(TestNG.java:1158)
	at org.testng.TestNG.runSuitesLocally(TestNG.java:1083)
	at org.testng.TestNG.run(TestNG.java:999)
	at org.testng.TestNG.privateMain(TestNG.java:1301)
	at org.testng.TestNG.main(TestNG.java:1265)
]]>
            </full-stacktrace>
          </exception>
        </test-method>
        <test-method status="PASS" signature="checkForVerificationError(org.testng.ITestResult)" name="checkForVerificationError" is-config="true" duration-ms="1922" started-at="2020-05-06T07:49:40Z" finished-at="2020-05-06T07:49:42Z">
          <params>
            <param index="0">
              <value>
                <![CDATA[[TestResult: tc_GPS_SmokeTest_009 STATUS:FAILURE METHOD:com.gps.TS_GPS_Smoke.tc_GPS_SmokeTest_009(java.lang.String, java.lang.String, java.lang.String, java.lang.String, java.lang.String, java.lang.String, java.lang.String, java.lang.String, java.lang.String, java.lang.String, java.lang.String, java.lang.String, java.lang.String, java.lang.String, java.lang.String, java.lang.String, java.lang.String, java.lang.String, java.lang.String, java.lang.String, java.lang.String, java.lang.String, java.lang.String, java.lang.String, java.lang.String, java.lang.String, java.lang.String, java.lang.String, java.lang.String, java.lang.String, java.lang.String, java.lang.String, java.lang.String, java.lang.String, java.lang.String, java.lang.String, java.lang.String, java.lang.String)]
]]>
              </value>
            </param>
          </params>
        </test-method>
        <test-method status="PASS" signature="cleanupSessions()" name="cleanupSessions" is-config="true" duration-ms="32" started-at="2020-05-06T07:49:42Z" finished-at="2020-05-06T07:49:42Z">
        </test-method>
        <test-method status="PASS" signature="setTestContext(java.lang.String, java.lang.String, java.lang.reflect.Method)" name="setTestContext" is-config="true" duration-ms="10262" started-at="2020-05-06T07:49:42Z" finished-at="2020-05-06T07:49:52Z">
          <params>
            <param index="0">
              <value>
                <![CDATA[url]]>
              </value>
            </param>
            <param index="1">
              <value>
                <![CDATA[browser]]>
              </value>
            </param>
            <param index="2">
              <value>
                <![CDATA[public final void com.gps.TS_GPS_Smoke.tc_GPS_SmokeTest_004(java.lang.String,java.lang.String,java.lang.String,java.lang.String,java.lang.String,java.lang.String,java.lang.String,java.lang.String,java.lang.String,java.lang.String,java.lang.String,java.lang.String,java.lang.String,java.lang.String,java.lang.String,java.lang.String,java.lang.String,java.lang.String,java.lang.String,java.lang.String,java.lang.String,java.lang.String,java.lang.String) throws java.lang.Exception]]>
              </value>
            </param>
          </params>
        </test-method>
        <test-method status="PASS" signature="tc_GPS_SmokeTest_004(java.lang.String, java.lang.String, java.lang.String, java.lang.String, java.lang.String, java.lang.String, java.lang.String, java.lang.String, java.lang.String, java.lang.String, java.lang.String, java.lang.String, java.lang.String, java.lang.String, java.lang.String, java.lang.String, java.lang.String, java.lang.String, java.lang.String, java.lang.String, java.lang.String, java.lang.String, java.lang.String)" name="tc_GPS_SmokeTest_004" duration-ms="106801" started-at="2020-05-06T07:49:52Z" finished-at="2020-05-06T07:51:39Z">
          <params>
            <param index="0">
              <value>
                <![CDATA[Default]]>
              </value>
            </param>
            <param index="1">
              <value>
                <![CDATA[GPS]]>
              </value>
            </param>
            <param index="2">
              <value>
                <![CDATA[excel]]>
              </value>
            </param>
            <param index="3">
              <value>
                <![CDATA[excel]]>
              </value>
            </param>
            <param index="4">
              <value>
                <![CDATA[GPS QA1 AWS]]>
              </value>
            </param>
            <param index="5">
              <value>
                <![CDATA[100675]]>
              </value>
            </param>
            <param index="6">
              <value>
                <![CDATA[Pawn Stars]]>
              </value>
            </param>
            <param index="7">
              <value>
                <![CDATA[null]]>
              </value>
            </param>
            <param index="8">
              <value>
                <![CDATA[Programming]]>
              </value>
            </param>
            <param index="9">
              <value>
                <![CDATA[Search Programs]]>
              </value>
            </param>
            <param index="10">
              <value>
                <![CDATA[null]]>
              </value>
            </param>
            <param index="11">
              <value>
                <![CDATA[null]]>
              </value>
            </param>
            <param index="12">
              <value>
                <![CDATA[null]]>
              </value>
            </param>
            <param index="13">
              <value>
                <![CDATA[null]]>
              </value>
            </param>
            <param index="14">
              <value>
                <![CDATA[null]]>
              </value>
            </param>
            <param index="15">
              <value>
                <![CDATA[Rights]]>
              </value>
            </param>
            <param index="16">
              <value>
                <![CDATA[null]]>
              </value>
            </param>
            <param index="17">
              <value>
                <![CDATA[null]]>
              </value>
            </param>
            <param index="18">
              <value>
                <![CDATA[Season: 1]]>
              </value>
            </param>
            <param index="19">
              <value>
                <![CDATA[Program Id]]>
              </value>
            </param>
            <param index="20">
              <value>
                <![CDATA[1]]>
              </value>
            </param>
            <param index="21">
              <value>
                <![CDATA[2]]>
              </value>
            </param>
            <param index="22">
              <value>
                <![CDATA[Rights]]>
              </value>
            </param>
          </params>
        </test-method>
        <test-method status="PASS" signature="checkForVerificationError(org.testng.ITestResult)" name="checkForVerificationError" is-config="true" duration-ms="2031" started-at="2020-05-06T07:51:39Z" finished-at="2020-05-06T07:51:41Z">
          <params>
            <param index="0">
              <value>
                <![CDATA[[TestResult: tc_GPS_SmokeTest_004 STATUS:SUCCESS METHOD:com.gps.TS_GPS_Smoke.tc_GPS_SmokeTest_004(java.lang.String, java.lang.String, java.lang.String, java.lang.String, java.lang.String, java.lang.String, java.lang.String, java.lang.String, java.lang.String, java.lang.String, java.lang.String, java.lang.String, java.lang.String, java.lang.String, java.lang.String, java.lang.String, java.lang.String, java.lang.String, java.lang.String, java.lang.String, java.lang.String, java.lang.String, java.lang.String)]
]]>
              </value>
            </param>
          </params>
        </test-method>
        <test-method status="PASS" signature="cleanupSessions()" name="cleanupSessions" is-config="true" duration-ms="32" started-at="2020-05-06T07:51:41Z" finished-at="2020-05-06T07:51:41Z">
        </test-method>
        <test-method status="PASS" signature="setTestContext(java.lang.String, java.lang.String, java.lang.reflect.Method)" name="setTestContext" is-config="true" duration-ms="10556" started-at="2020-05-06T07:51:41Z" finished-at="2020-05-06T07:51:52Z">
          <params>
            <param index="0">
              <value>
                <![CDATA[url]]>
              </value>
            </param>
            <param index="1">
              <value>
                <![CDATA[browser]]>
              </value>
            </param>
            <param index="2">
              <value>
                <![CDATA[public final void com.gps.TS_GPS_Smoke.tc_GPS_SmokeTest_010(java.lang.String,java.lang.String,java.lang.String,java.lang.String,java.lang.String,java.lang.String,java.lang.String,java.lang.String,java.lang.String,java.lang.String,java.lang.String,java.lang.String,java.lang.String,java.lang.String,java.lang.String,java.lang.String,java.lang.String,java.lang.String,java.lang.String,java.lang.String,java.lang.String,java.lang.String,java.lang.String,java.lang.String,java.lang.String,java.lang.String,java.lang.String,java.lang.String,java.lang.String,java.lang.String,java.lang.String,java.lang.String,java.lang.String,java.lang.String,java.lang.String,java.lang.String,java.lang.String,java.lang.String,java.lang.String,java.lang.String,java.lang.String,java.lang.String,java.lang.String) throws java.lang.Exception]]>
              </value>
            </param>
          </params>
        </test-method>
        <test-method status="FAIL" signature="tc_GPS_SmokeTest_010(java.lang.String, java.lang.String, java.lang.String, java.lang.String, java.lang.String, java.lang.String, java.lang.String, java.lang.String, java.lang.String, java.lang.String, java.lang.String, java.lang.String, java.lang.String, java.lang.String, java.lang.String, java.lang.String, java.lang.String, java.lang.String, java.lang.String, java.lang.String, java.lang.String, java.lang.String, java.lang.String, java.lang.String, java.lang.String, java.lang.String, java.lang.String, java.lang.String, java.lang.String, java.lang.String, java.lang.String, java.lang.String, java.lang.String, java.lang.String, java.lang.String, java.lang.String, java.lang.String, java.lang.String, java.lang.String, java.lang.String, java.lang.String, java.lang.String, java.lang.String)" name="tc_GPS_SmokeTest_010" duration-ms="131604" started-at="2020-05-06T07:51:52Z" finished-at="2020-05-06T07:54:03Z">
          <params>
            <param index="0">
              <value>
                <![CDATA[Default]]>
              </value>
            </param>
            <param index="1">
              <value>
                <![CDATA[GPS]]>
              </value>
            </param>
            <param index="2">
              <value>
                <![CDATA[excel]]>
              </value>
            </param>
            <param index="3">
              <value>
                <![CDATA[excel]]>
              </value>
            </param>
            <param index="4">
              <value>
                <![CDATA[GPS QA1 AWS]]>
              </value>
            </param>
            <param index="5">
              <value>
                <![CDATA[Deal]]>
              </value>
            </param>
            <param index="6">
              <value>
                <![CDATA[null]]>
              </value>
            </param>
            <param index="7">
              <value>
                <![CDATA[Deal Offer]]>
              </value>
            </param>
            <param index="8">
              <value>
                <![CDATA[111008]]>
              </value>
            </param>
            <param index="9">
              <value>
                <![CDATA[Exclusivity]]>
              </value>
            </param>
            <param index="10">
              <value>
                <![CDATA[First Run]]>
              </value>
            </param>
            <param index="11">
              <value>
                <![CDATA[Int]]>
              </value>
            </param>
            <param index="12">
              <value>
                <![CDATA[Language]]>
              </value>
            </param>
            <param index="13">
              <value>
                <![CDATA[Linear]]>
              </value>
            </param>
            <param index="14">
              <value>
                <![CDATA[Syndication]]>
              </value>
            </param>
            <param index="15">
              <value>
                <![CDATA[New Media]]>
              </value>
            </param>
            <param index="16">
              <value>
                <![CDATA[null]]>
              </value>
            </param>
            <param index="17">
              <value>
                <![CDATA[TV FVOD]]>
              </value>
            </param>
            <param index="18">
              <value>
                <![CDATA[Standard TV]]>
              </value>
            </param>
            <param index="19">
              <value>
                <![CDATA[Non-Exclusive]]>
              </value>
            </param>
            <param index="20">
              <value>
                <![CDATA[No]]>
              </value>
            </param>
            <param index="21">
              <value>
                <![CDATA[Romania]]>
              </value>
            </param>
            <param index="22">
              <value>
                <![CDATA[Eastern Hemisphere]]>
              </value>
            </param>
            <param index="23">
              <value>
                <![CDATA[Europe]]>
              </value>
            </param>
            <param index="24">
              <value>
                <![CDATA[Eastern Europe]]>
              </value>
            </param>
            <param index="25">
              <value>
                <![CDATA[null]]>
              </value>
            </param>
            <param index="26">
              <value>
                <![CDATA[null]]>
              </value>
            </param>
            <param index="27">
              <value>
                <![CDATA[null]]>
              </value>
            </param>
            <param index="28">
              <value>
                <![CDATA[2015]]>
              </value>
            </param>
            <param index="29">
              <value>
                <![CDATA[Nov]]>
              </value>
            </param>
            <param index="30">
              <value>
                <![CDATA[13]]>
              </value>
            </param>
            <param index="31">
              <value>
                <![CDATA[Deal Offer]]>
              </value>
            </param>
            <param index="32">
              <value>
                <![CDATA[Middle East]]>
              </value>
            </param>
            <param index="33">
              <value>
                <![CDATA[startDateId]]>
              </value>
            </param>
            <param index="34">
              <value>
                <![CDATA[endDateId]]>
              </value>
            </param>
            <param index="35">
              <value>
                <![CDATA[12]]>
              </value>
            </param>
            <param index="36">
              <value>
                <![CDATA[11]]>
              </value>
            </param>
            <param index="37">
              <value>
                <![CDATA[2020]]>
              </value>
            </param>
            <param index="38">
              <value>
                <![CDATA[Search]]>
              </value>
            </param>
            <param index="39">
              <value>
                <![CDATA[Availability Status]]>
              </value>
            </param>
            <param index="40">
              <value>
                <![CDATA[Available From]]>
              </value>
            </param>
            <param index="41">
              <value>
                <![CDATA[Available Start Date]]>
              </value>
            </param>
            <param index="42">
              <value>
                <![CDATA[09/01/2017]]>
              </value>
            </param>
          </params>
          <exception class="java.lang.AssertionError">
            <message>
              <![CDATA[Failed CLICK command  :Element [PG_DealOffer.ele_Year] with Locator : //a[@class='k-link' and contains(text(),'2015')]
Verification failures : 
 [At : com.gps.LIB_Common.bc_SelectDatePicker(Line:711)]
]]>
            </message>
            <full-stacktrace>
              <![CDATA[java.lang.AssertionError: Failed CLICK command  :Element [PG_DealOffer.ele_Year] with Locator : //a[@class='k-link' and contains(text(),'2015')]
Verification failures : 
 [At : com.gps.LIB_Common.bc_SelectDatePicker(Line:711)]

	at com.thoughtworks.selenium.SeleneseTestBaseVir.failure(SeleneseTestBaseVir.java:654)
	at com.thoughtworks.selenium.SeleneseTestBaseVir.assertTrue(SeleneseTestBaseVir.java:668)
	at com.virtusa.isq.vtaf.runtime.SeleniumTestBase.checkTrue(SeleniumTestBase.java:6269)
	at com.virtusa.isq.vtaf.runtime.SeleniumTestBase.doForceClick(SeleniumTestBase.java:1892)
	at com.virtusa.isq.vtaf.runtime.SeleniumTestBase.forceClick(SeleniumTestBase.java:1798)
	at com.gps.LIB_Common.bc_SelectDatePicker(LIB_Common.java:711)
	at com.gps.LIB_Deal.bc_DealOffer_FillSearchRights(LIB_Deal.java:184)
	at com.gps.TS_GPS_Smoke.tc_GPS_SmokeTest_010(TS_GPS_Smoke.java:873)
	at sun.reflect.NativeMethodAccessorImpl.invoke0(Native Method)
	at sun.reflect.NativeMethodAccessorImpl.invoke(NativeMethodAccessorImpl.java:62)
	at sun.reflect.DelegatingMethodAccessorImpl.invoke(DelegatingMethodAccessorImpl.java:43)
	at java.lang.reflect.Method.invoke(Method.java:498)
	at org.testng.internal.MethodInvocationHelper.invokeMethod(MethodInvocationHelper.java:80)
	at org.testng.internal.Invoker.invokeMethod(Invoker.java:673)
	at org.testng.internal.Invoker.invokeTestMethod(Invoker.java:842)
	at org.testng.internal.Invoker.invokeTestMethods(Invoker.java:1166)
	at org.testng.internal.TestMethodWorker.invokeTestMethods(TestMethodWorker.java:125)
	at org.testng.internal.TestMethodWorker.run(TestMethodWorker.java:109)
	at org.testng.TestRunner.runWorkers(TestRunner.java:1178)
	at org.testng.TestRunner.privateRun(TestRunner.java:757)
	at org.testng.TestRunner.run(TestRunner.java:608)
	at org.testng.SuiteRunner.runTest(SuiteRunner.java:334)
	at org.testng.SuiteRunner.runSequentially(SuiteRunner.java:329)
	at org.testng.SuiteRunner.privateRun(SuiteRunner.java:291)
	at org.testng.SuiteRunner.run(SuiteRunner.java:240)
	at org.testng.SuiteRunnerWorker.runSuite(SuiteRunnerWorker.java:52)
	at org.testng.SuiteRunnerWorker.run(SuiteRunnerWorker.java:86)
	at org.testng.TestNG.runSuitesSequentially(TestNG.java:1158)
	at org.testng.TestNG.runSuitesLocally(TestNG.java:1083)
	at org.testng.TestNG.run(TestNG.java:999)
	at org.testng.TestNG.privateMain(TestNG.java:1301)
	at org.testng.TestNG.main(TestNG.java:1265)
]]>
            </full-stacktrace>
          </exception>
        </test-method>
        <test-method status="PASS" signature="checkForVerificationError(org.testng.ITestResult)" name="checkForVerificationError" is-config="true" duration-ms="2219" started-at="2020-05-06T07:54:03Z" finished-at="2020-05-06T07:54:05Z">
          <params>
            <param index="0">
              <value>
                <![CDATA[[TestResult: tc_GPS_SmokeTest_010 STATUS:FAILURE METHOD:com.gps.TS_GPS_Smoke.tc_GPS_SmokeTest_010(java.lang.String, java.lang.String, java.lang.String, java.lang.String, java.lang.String, java.lang.String, java.lang.String, java.lang.String, java.lang.String, java.lang.String, java.lang.String, java.lang.String, java.lang.String, java.lang.String, java.lang.String, java.lang.String, java.lang.String, java.lang.String, java.lang.String, java.lang.String, java.lang.String, java.lang.String, java.lang.String, java.lang.String, java.lang.String, java.lang.String, java.lang.String, java.lang.String, java.lang.String, java.lang.String, java.lang.String, java.lang.String, java.lang.String, java.lang.String, java.lang.String, java.lang.String, java.lang.String, java.lang.String, java.lang.String, java.lang.String, java.lang.String, java.lang.String, java.lang.String)]
]]>
              </value>
            </param>
          </params>
        </test-method>
        <test-method status="PASS" signature="cleanupSessions()" name="cleanupSessions" is-config="true" duration-ms="31" started-at="2020-05-06T07:54:05Z" finished-at="2020-05-06T07:54:05Z">
        </test-method>
        <test-method status="PASS" signature="setTestContext(java.lang.String, java.lang.String, java.lang.reflect.Method)" name="setTestContext" is-config="true" duration-ms="10630" started-at="2020-05-06T07:54:05Z" finished-at="2020-05-06T07:54:16Z">
          <params>
            <param index="0">
              <value>
                <![CDATA[url]]>
              </value>
            </param>
            <param index="1">
              <value>
                <![CDATA[browser]]>
              </value>
            </param>
            <param index="2">
              <value>
                <![CDATA[public final void com.gps.TS_GPS_Smoke.tc_GPS_SmokeTest_012(java.lang.String,java.lang.String,java.lang.String,java.lang.String,java.lang.String,java.lang.String,java.lang.String,java.lang.String) throws java.lang.Exception]]>
              </value>
            </param>
          </params>
        </test-method>
        <test-method status="PASS" signature="tc_GPS_SmokeTest_012(java.lang.String, java.lang.String, java.lang.String, java.lang.String, java.lang.String, java.lang.String, java.lang.String, java.lang.String)" name="tc_GPS_SmokeTest_012" duration-ms="75215" started-at="2020-05-06T07:54:16Z" finished-at="2020-05-06T07:55:31Z">
          <params>
            <param index="0">
              <value>
                <![CDATA[Default]]>
              </value>
            </param>
            <param index="1">
              <value>
                <![CDATA[GPS]]>
              </value>
            </param>
            <param index="2">
              <value>
                <![CDATA[excel]]>
              </value>
            </param>
            <param index="3">
              <value>
                <![CDATA[excel]]>
              </value>
            </param>
            <param index="4">
              <value>
                <![CDATA[GPS QA1 AWS]]>
              </value>
            </param>
            <param index="5">
              <value>
                <![CDATA[Reports]]>
              </value>
            </param>
            <param index="6">
              <value>
                <![CDATA[Standard Reports]]>
              </value>
            </param>
            <param index="7">
              <value>
                <![CDATA[null]]>
              </value>
            </param>
          </params>
        </test-method>
        <test-method status="PASS" signature="checkForVerificationError(org.testng.ITestResult)" name="checkForVerificationError" is-config="true" duration-ms="2336" started-at="2020-05-06T07:55:31Z" finished-at="2020-05-06T07:55:34Z">
          <params>
            <param index="0">
              <value>
                <![CDATA[[TestResult: tc_GPS_SmokeTest_012 STATUS:SUCCESS METHOD:com.gps.TS_GPS_Smoke.tc_GPS_SmokeTest_012(java.lang.String, java.lang.String, java.lang.String, java.lang.String, java.lang.String, java.lang.String, java.lang.String, java.lang.String)]
]]>
              </value>
            </param>
          </params>
        </test-method>
        <test-method status="PASS" signature="cleanupSessions()" name="cleanupSessions" is-config="true" duration-ms="31" started-at="2020-05-06T07:55:34Z" finished-at="2020-05-06T07:55:34Z">
        </test-method>
        <test-method status="PASS" signature="setTestContext(java.lang.String, java.lang.String, java.lang.reflect.Method)" name="setTestContext" is-config="true" duration-ms="10222" started-at="2020-05-06T07:55:34Z" finished-at="2020-05-06T07:55:44Z">
          <params>
            <param index="0">
              <value>
                <![CDATA[url]]>
              </value>
            </param>
            <param index="1">
              <value>
                <![CDATA[browser]]>
              </value>
            </param>
            <param index="2">
              <value>
                <![CDATA[public final void com.gps.TS_GPS_Smoke.tc_GPS_SmokeTest_014(java.lang.String,java.lang.String,java.lang.String,java.lang.String,java.lang.String,java.lang.String,java.lang.String,java.lang.String,java.lang.String,java.lang.String,java.lang.String,java.lang.String,java.lang.String) throws java.lang.Exception]]>
              </value>
            </param>
          </params>
        </test-method>
        <test-method status="PASS" signature="tc_GPS_SmokeTest_014(java.lang.String, java.lang.String, java.lang.String, java.lang.String, java.lang.String, java.lang.String, java.lang.String, java.lang.String, java.lang.String, java.lang.String, java.lang.String, java.lang.String, java.lang.String)" name="tc_GPS_SmokeTest_014" duration-ms="125330" started-at="2020-05-06T07:55:44Z" finished-at="2020-05-06T07:57:49Z">
          <params>
            <param index="0">
              <value>
                <![CDATA[Default]]>
              </value>
            </param>
            <param index="1">
              <value>
                <![CDATA[GPS]]>
              </value>
            </param>
            <param index="2">
              <value>
                <![CDATA[excel]]>
              </value>
            </param>
            <param index="3">
              <value>
                <![CDATA[excel]]>
              </value>
            </param>
            <param index="4">
              <value>
                <![CDATA[GPS QA1 AWS]]>
              </value>
            </param>
            <param index="5">
              <value is-null="true"/>
            </param>
            <param index="6">
              <value>
                <![CDATA[Reports]]>
              </value>
            </param>
            <param index="7">
              <value>
                <![CDATA[New Programs Released Report]]>
              </value>
            </param>
            <param index="8">
              <value>
                <![CDATA[01/01/2017]]>
              </value>
            </param>
            <param index="9">
              <value>
                <![CDATA[06/13/2017]]>
              </value>
            </param>
            <param index="10">
              <value>
                <![CDATA[null]]>
              </value>
            </param>
            <param index="11">
              <value>
                <![CDATA[null]]>
              </value>
            </param>
            <param index="12">
              <value>
                <![CDATA[null]]>
              </value>
            </param>
          </params>
        </test-method>
        <test-method status="PASS" signature="checkForVerificationError(org.testng.ITestResult)" name="checkForVerificationError" is-config="true" duration-ms="2082" started-at="2020-05-06T07:57:49Z" finished-at="2020-05-06T07:57:51Z">
          <params>
            <param index="0">
              <value>
                <![CDATA[[TestResult: tc_GPS_SmokeTest_014 STATUS:SUCCESS METHOD:com.gps.TS_GPS_Smoke.tc_GPS_SmokeTest_014(java.lang.String, java.lang.String, java.lang.String, java.lang.String, java.lang.String, java.lang.String, java.lang.String, java.lang.String, java.lang.String, java.lang.String, java.lang.String, java.lang.String, java.lang.String)]
]]>
              </value>
            </param>
          </params>
        </test-method>
        <test-method status="PASS" signature="cleanupSessions()" name="cleanupSessions" is-config="true" duration-ms="47" started-at="2020-05-06T07:57:51Z" finished-at="2020-05-06T07:57:51Z">
        </test-method>
        <test-method status="PASS" signature="tearDownSuite()" name="tearDownSuite" is-config="true" duration-ms="156" started-at="2020-05-06T07:57:52Z" finished-at="2020-05-06T07:57:52Z">
        </test-method>
      </class>
    </test>
  </suite>
</testng-results>
